<?xml version="1.0" encoding="UTF-8"?>
<!-- Generated by org.testng.reporters.JUnitReportReporter -->
<testsuite hostname="DESKTOP-7KS5IFD" failures="0" tests="2" name="guruAccount.Payment" time="3.390" errors="0" timestamp="2024-09-17T16:37:15 ICT" skipped="0">
  <testcase classname="guruAccount.Payment" name="Test_01_Create_Customer_Account" time="2.010"/>
  <testcase classname="guruAccount.Payment" name="Test_02_Edit_Customer_Account" time="1.380"/>
</testsuite> <!-- guruAccount.Payment -->
